<?xml version="1.0" encoding="UTF-8"?>
<!-- Generated by org.testng.reporters.JUnitReportReporter -->
<testsuite hostname="DESKTOP-VL2N6EH" failures="0" tests="2" name="TestCases.TC01_Add_Nationality" time="15.946" errors="0" timestamp="23 Feb 2020 05:56:30 GMT" skipped="0">
  <testcase classname="TestCases.TC01_Add_Nationality" name="Nationality_call_allmethods" time="11.425"/>
  <testcase classname="TestCases.TC01_Add_Nationality" name="Nationality_call_allmethods" time="4.521"/>
</testsuite> <!-- TestCases.TC01_Add_Nationality -->
